
*** Running vivado
    with args -log ALU4Bits.vds -m64 -product Vivado -mode batch -messageDb vivado.pb -notrace -source ALU4Bits.tcl



****** Vivado v2020.2 (64-bit)
  **** SW Build 3064766 on Wed Nov 18 09:12:45 MST 2020
  **** IP Build 3064653 on Wed Nov 18 14:17:31 MST 2020
    ** Copyright 1986-2020 Xilinx, Inc. All Rights Reserved.

source ALU4Bits.tcl -notrace
create_project: Time (s): cpu = 00:00:04 ; elapsed = 00:00:08 . Memory (MB): peak = 1298.027 ; gain = 579.082
Command: synth_design -top ALU4Bits -part xc7a100tcsg324-1
Starting synth_design
Attempting to get a license for feature 'Synthesis' and/or device 'xc7a100t'
INFO: [Common 17-349] Got license for feature 'Synthesis' and/or device 'xc7a100t'
INFO: [Synth 8-7079] Multithreading enabled for synth_design using a maximum of 2 processes.
INFO: [Synth 8-7078] Launching helper process for spawning children vivado processes
INFO: [Synth 8-7075] Helper process launched with PID 7556
---------------------------------------------------------------------------------
Starting Synthesize : Time (s): cpu = 00:00:07 ; elapsed = 00:00:08 . Memory (MB): peak = 1324.188 ; gain = 1.016
---------------------------------------------------------------------------------
INFO: [Synth 8-638] synthesizing module 'ALU4Bits' [C:/Users/Hassan/Desktop/Practicasarqui/practica6/ALU1bit/ALU1BIT.srcs/sources_1/new/ALU4Bits.vhd:15]
INFO: [Synth 8-3491] module 'ALU1Bit' declared at 'C:/Users/Hassan/Desktop/Practicasarqui/practica6/ALU1bit/ALU1BIT.srcs/sources_1/new/ALU1BIT.vhd:4' bound to instance 'ALU' of component 'ALU1Bit' [C:/Users/Hassan/Desktop/Practicasarqui/practica6/ALU1bit/ALU1BIT.srcs/sources_1/new/ALU4Bits.vhd:33]
INFO: [Synth 8-638] synthesizing module 'ALU1Bit' [C:/Users/Hassan/Desktop/Practicasarqui/practica6/ALU1bit/ALU1BIT.srcs/sources_1/new/ALU1BIT.vhd:15]
INFO: [Synth 8-637] synthesizing blackbox instance 'sumador' of component 'Sumador1Bit' [C:/Users/Hassan/Desktop/Practicasarqui/practica6/ALU1bit/ALU1BIT.srcs/sources_1/new/ALU1BIT.vhd:30]
INFO: [Synth 8-256] done synthesizing module 'ALU1Bit' (1#1) [C:/Users/Hassan/Desktop/Practicasarqui/practica6/ALU1bit/ALU1BIT.srcs/sources_1/new/ALU1BIT.vhd:15]
INFO: [Synth 8-3491] module 'ALU1Bit' declared at 'C:/Users/Hassan/Desktop/Practicasarqui/practica6/ALU1bit/ALU1BIT.srcs/sources_1/new/ALU1BIT.vhd:4' bound to instance 'ALU' of component 'ALU1Bit' [C:/Users/Hassan/Desktop/Practicasarqui/practica6/ALU1bit/ALU1BIT.srcs/sources_1/new/ALU4Bits.vhd:33]
INFO: [Synth 8-3491] module 'ALU1Bit' declared at 'C:/Users/Hassan/Desktop/Practicasarqui/practica6/ALU1bit/ALU1BIT.srcs/sources_1/new/ALU1BIT.vhd:4' bound to instance 'ALU' of component 'ALU1Bit' [C:/Users/Hassan/Desktop/Practicasarqui/practica6/ALU1bit/ALU1BIT.srcs/sources_1/new/ALU4Bits.vhd:33]
INFO: [Synth 8-3491] module 'ALU1Bit' declared at 'C:/Users/Hassan/Desktop/Practicasarqui/practica6/ALU1bit/ALU1BIT.srcs/sources_1/new/ALU1BIT.vhd:4' bound to instance 'ALU' of component 'ALU1Bit' [C:/Users/Hassan/Desktop/Practicasarqui/practica6/ALU1bit/ALU1BIT.srcs/sources_1/new/ALU4Bits.vhd:33]
INFO: [Synth 8-256] done synthesizing module 'ALU4Bits' (2#1) [C:/Users/Hassan/Desktop/Practicasarqui/practica6/ALU1bit/ALU1BIT.srcs/sources_1/new/ALU4Bits.vhd:15]
---------------------------------------------------------------------------------
Finished Synthesize : Time (s): cpu = 00:00:08 ; elapsed = 00:00:11 . Memory (MB): peak = 1324.188 ; gain = 1.016
---------------------------------------------------------------------------------
---------------------------------------------------------------------------------
Finished Constraint Validation : Time (s): cpu = 00:00:08 ; elapsed = 00:00:11 . Memory (MB): peak = 1324.188 ; gain = 1.016
---------------------------------------------------------------------------------
---------------------------------------------------------------------------------
Start Loading Part and Timing Information
---------------------------------------------------------------------------------
Loading part: xc7a100tcsg324-1
---------------------------------------------------------------------------------
INFO: [Device 21-403] Loading part xc7a100tcsg324-1
Finished Loading Part and Timing Information : Time (s): cpu = 00:00:08 ; elapsed = 00:00:12 . Memory (MB): peak = 1324.188 ; gain = 1.016
---------------------------------------------------------------------------------
---------------------------------------------------------------------------------
Finished RTL Optimization Phase 2 : Time (s): cpu = 00:00:09 ; elapsed = 00:00:12 . Memory (MB): peak = 1324.188 ; gain = 1.016
---------------------------------------------------------------------------------
No constraint files found.
---------------------------------------------------------------------------------
Start RTL Component Statistics 
---------------------------------------------------------------------------------
Detailed RTL Component Info : 
+---XORs : 
	   2 Input      1 Bit         XORs := 13    
+---Muxes : 
	   4 Input    1 Bit        Muxes := 4     
---------------------------------------------------------------------------------
Finished RTL Component Statistics 
---------------------------------------------------------------------------------
---------------------------------------------------------------------------------
Start Part Resource Summary
---------------------------------------------------------------------------------
Part Resources:
DSPs: 240 (col length:80)
BRAMs: 270 (col length: RAMB18 80 RAMB36 40)
---------------------------------------------------------------------------------
Finished Part Resource Summary
---------------------------------------------------------------------------------
No constraint files found.
---------------------------------------------------------------------------------
Start Cross Boundary and Area Optimization
---------------------------------------------------------------------------------
---------------------------------------------------------------------------------
Finished Cross Boundary and Area Optimization : Time (s): cpu = 00:00:15 ; elapsed = 00:00:26 . Memory (MB): peak = 1324.188 ; gain = 1.016
---------------------------------------------------------------------------------
No constraint files found.
---------------------------------------------------------------------------------
Start Timing Optimization
---------------------------------------------------------------------------------
---------------------------------------------------------------------------------
Finished Timing Optimization : Time (s): cpu = 00:00:15 ; elapsed = 00:00:26 . Memory (MB): peak = 1324.188 ; gain = 1.016
---------------------------------------------------------------------------------
---------------------------------------------------------------------------------
Start Technology Mapping
---------------------------------------------------------------------------------
---------------------------------------------------------------------------------
Finished Technology Mapping : Time (s): cpu = 00:00:15 ; elapsed = 00:00:26 . Memory (MB): peak = 1324.188 ; gain = 1.016
---------------------------------------------------------------------------------
---------------------------------------------------------------------------------
Start IO Insertion
---------------------------------------------------------------------------------
---------------------------------------------------------------------------------
Start Flattening Before IO Insertion
---------------------------------------------------------------------------------
---------------------------------------------------------------------------------
Finished Flattening Before IO Insertion
---------------------------------------------------------------------------------
---------------------------------------------------------------------------------
Start Final Netlist Cleanup
---------------------------------------------------------------------------------
---------------------------------------------------------------------------------
Finished Final Netlist Cleanup
---------------------------------------------------------------------------------
---------------------------------------------------------------------------------
Finished IO Insertion : Time (s): cpu = 00:00:21 ; elapsed = 00:00:32 . Memory (MB): peak = 1324.188 ; gain = 1.016
---------------------------------------------------------------------------------
---------------------------------------------------------------------------------
Start Renaming Generated Instances
---------------------------------------------------------------------------------
---------------------------------------------------------------------------------
Finished Renaming Generated Instances : Time (s): cpu = 00:00:21 ; elapsed = 00:00:32 . Memory (MB): peak = 1324.188 ; gain = 1.016
---------------------------------------------------------------------------------
---------------------------------------------------------------------------------
Start Rebuilding User Hierarchy
---------------------------------------------------------------------------------
---------------------------------------------------------------------------------
Finished Rebuilding User Hierarchy : Time (s): cpu = 00:00:21 ; elapsed = 00:00:32 . Memory (MB): peak = 1324.188 ; gain = 1.016
---------------------------------------------------------------------------------
---------------------------------------------------------------------------------
Start Renaming Generated Ports
---------------------------------------------------------------------------------
---------------------------------------------------------------------------------
Finished Renaming Generated Ports : Time (s): cpu = 00:00:21 ; elapsed = 00:00:32 . Memory (MB): peak = 1324.188 ; gain = 1.016
---------------------------------------------------------------------------------
---------------------------------------------------------------------------------
Start Handling Custom Attributes
---------------------------------------------------------------------------------
---------------------------------------------------------------------------------
Finished Handling Custom Attributes : Time (s): cpu = 00:00:21 ; elapsed = 00:00:32 . Memory (MB): peak = 1324.188 ; gain = 1.016
---------------------------------------------------------------------------------
---------------------------------------------------------------------------------
Start Renaming Generated Nets
---------------------------------------------------------------------------------
---------------------------------------------------------------------------------
Finished Renaming Generated Nets : Time (s): cpu = 00:00:21 ; elapsed = 00:00:32 . Memory (MB): peak = 1324.188 ; gain = 1.016
---------------------------------------------------------------------------------
---------------------------------------------------------------------------------
Start Writing Synthesis Report
---------------------------------------------------------------------------------

Report BlackBoxes: 
+------+--------------+----------+
|      |BlackBox name |Instances |
+------+--------------+----------+
|1     |Sumador1Bit   |         4|
+------+--------------+----------+

Report Cell Usage: 
+------+--------------------+------+
|      |Cell                |Count |
+------+--------------------+------+
|1     |Sumador1Bit_bbox    |     1|
|2     |Sumador1Bit_bbox_0_ |     3|
|5     |LUT2                |     8|
|6     |LUT3                |     4|
|7     |LUT4                |     2|
|8     |LUT6                |     4|
|9     |IBUF                |    12|
|10    |OBUF                |     8|
+------+--------------------+------+

Report Instance Areas: 
+------+----------------+----------+------+
|      |Instance        |Module    |Cells |
+------+----------------+----------+------+
|1     |top             |          |    46|
|2     |  \comp[0].ALU  |ALU1Bit   |     7|
|3     |  \comp[1].ALU  |ALU1Bit_0 |     6|
|4     |  \comp[2].ALU  |ALU1Bit_1 |     7|
|5     |  \comp[3].ALU  |ALU1Bit_2 |     6|
+------+----------------+----------+------+
---------------------------------------------------------------------------------
Finished Writing Synthesis Report : Time (s): cpu = 00:00:21 ; elapsed = 00:00:32 . Memory (MB): peak = 1324.188 ; gain = 1.016
---------------------------------------------------------------------------------
Synthesis finished with 0 errors, 0 critical warnings and 0 warnings.
Synthesis Optimization Runtime : Time (s): cpu = 00:00:21 ; elapsed = 00:00:32 . Memory (MB): peak = 1324.188 ; gain = 1.016
Synthesis Optimization Complete : Time (s): cpu = 00:00:21 ; elapsed = 00:00:32 . Memory (MB): peak = 1324.188 ; gain = 1.016
INFO: [Project 1-571] Translating synthesized netlist
Netlist sorting complete. Time (s): cpu = 00:00:00 ; elapsed = 00:00:00 . Memory (MB): peak = 1324.188 ; gain = 0.000
INFO: [Project 1-570] Preparing netlist for logic optimization
INFO: [Opt 31-138] Pushed 0 inverter(s) to 0 load pin(s).
Netlist sorting complete. Time (s): cpu = 00:00:00 ; elapsed = 00:00:00 . Memory (MB): peak = 1324.188 ; gain = 0.000
INFO: [Project 1-111] Unisim Transformation Summary:
No Unisim elements were transformed.

INFO: [Common 17-83] Releasing license: Synthesis
19 Infos, 0 Warnings, 0 Critical Warnings and 0 Errors encountered.
synth_design completed successfully
synth_design: Time (s): cpu = 00:00:29 ; elapsed = 00:00:45 . Memory (MB): peak = 1324.188 ; gain = 25.898
INFO: [Common 17-1381] The checkpoint 'C:/Users/Hassan/Desktop/Practicasarqui/practica6/ALU1bit/ALU1BIT.runs/synth_1/ALU4Bits.dcp' has been generated.
INFO: [runtcl-4] Executing : report_utilization -file ALU4Bits_utilization_synth.rpt -pb ALU4Bits_utilization_synth.pb
INFO: [Common 17-206] Exiting Vivado at Thu Oct  7 01:20:35 2021...
